OUTPUT:


ERROR:
Traceback (most recent call last):
  File "/home/ethan/miniconda3/envs/llm_routing/lib/python3.11/site-packages/networkx/classes/graph.py", line 1053, in remove_edge
    del self._adj[u][v]
        ~~~~~~~~~~~~^^^
KeyError: 0

The above exception was the direct cause of the following exception:

Traceback (most recent call last):
  File "/home/ethan/repository/few-shot/LLM_Routing/llm/extra_info_pdf_paper_v3/solution/single/TSP/15/city_15_instance_2/0/1/solution_r2.py", line 62, in <module>
    tour = find_eulerian_tour(MST_plus)  # step 5
           ^^^^^^^^^^^^^^^^^^^^^^^^^^^^
  File "/home/ethan/repository/few-shot/LLM_Routing/llm/extra_info_pdf_paper_v3/solution/single/TSP/15/city_15_instance_2/0/1/solution_r2.py", line 52, in find_eulerian_tour
    MST.remove_edge(u, v)
  File "/home/ethan/miniconda3/envs/llm_routing/lib/python3.11/site-packages/networkx/classes/graph.py", line 1057, in remove_edge
    raise NetworkXError(f"The edge {u}-{v} is not in the graph") from err
networkx.exception.NetworkXError: The edge 0-0 is not in the graph


