OUTPUT:


ERROR:
Traceback (most recent call last):
  File "/home/ethan/miniconda3/envs/llm_routing/lib/python3.11/unittest/case.py", line 402, in __init__
    testMethod = getattr(self, methodName)
                 ^^^^^^^^^^^^^^^^^^^^^^^^^
AttributeError: 'TestRobotTours' object has no attribute 'test_overall for cost'. Did you mean: 'test_overall_cost'?

During handling of the above exception, another exception occurred:

Traceback (most recent call last):
  File "/home/ethan/repository/backup/LLM_Routing/llm/extra_info/verifier/multiple/mTSPMD/10/P-n19-k2/1/2/verifier_r2_v0.py", line 58, in <module>
    suite.addTest(TestRobotTours('test_overall for cost'))
                  ^^^^^^^^^^^^^^^^^^^^^^^^^^^^^^^^^^^^^^^
  File "/home/ethan/miniconda3/envs/llm_routing/lib/python3.11/unittest/case.py", line 407, in __init__
    raise ValueError("no such test method in %s: %s" %
ValueError: no such test method in <class '__main__.TestRobotTours'>: test_overall for cost


