OUTPUT:


ERROR:
Traceback (most recent call last):
  File "/home/ethan/miniconda3/envs/llm_routing/lib/python3.11/site-packages/numpy/lib/_shape_base_impl.py", line 769, in array_split
    Ntotal = ary.shape[axis]
             ^^^^^^^^^
AttributeError: 'NoneType' object has no attribute 'shape'

During handling of the above exception, another exception occurred:

Traceback (most recent call last):
  File "/home/ethan/repository/few-shot/LLM_Routing/llm/extra_info_pdf_paper_v3/solution/multiple/mTSPMD/10/E-n22-k4/0/0/solution_r2.py", line 78, in <module>
    scores = np.array([evaluate_fitness(g)[0] for g in population])
                      ^^^^^^^^^^^^^^^^^^^^^^^^^^^^^^^^^^^^^^^^^^^^
  File "/home/ethan/repository/few-shot/LLM_Routing/llm/extra_info_pdf_paper_v3/solution/multiple/mTSPMD/10/E-n22-k4/0/0/solution_r2.py", line 78, in <listcomp>
    scores = np.array([evaluate_fitness(g)[0] for g in population])
                       ^^^^^^^^^^^^^^^^^^^
  File "/home/ethan/repository/few-shot/LLM_Routing/llm/extra_info_pdf_paper_v3/solution/multiple/mTSPMD/10/E-n22-k4/0/0/solution_r2.py", line 39, in evaluate_fitness
    split = np.array_split(genome, len(depots))
            ^^^^^^^^^^^^^^^^^^^^^^^^^^^^^^^^^^^
  File "/home/ethan/miniconda3/envs/llm_routing/lib/python3.11/site-packages/numpy/lib/_shape_base_impl.py", line 771, in array_split
    Ntotal = len(ary)
             ^^^^^^^^
TypeError: object of type 'NoneType' has no len()


