OUTPUT:


ERROR:
Traceback (most recent call last):
  File "/home/ethan/repository/backup/LLM_Routing/llm/extra_info/solution/multiple/CVRP/10/P-n23-k8/1/2/solution_r1.py", line 78, in demand_callback
    from_node = manager.IndexToNode(from_index)
                ^^^^^^^^^^^^^^^^^^^^^^^^^^^^^^^
  File "/home/ethan/miniconda3/envs/llm_routing/lib/python3.11/site-packages/ortools/constraint_solver/pywrapcp.py", line 4566, in IndexToNode
    return _pywrapcp.RoutingIndexManager_IndexToNode(self, index)
           ^^^^^^^^^^^^^^^^^^^^^^^^^^^^^^^^^^^^^^^^^^^^^^^^^^^^^^
OverflowError: in method 'RoutingIndexManager_IndexToNode', argument 2 of type 'int64_t'

The above exception was the direct cause of the following exception:

Traceback (most recent call last):
  File "/home/ethan/repository/backup/LLM_Routing/llm/extra_info/solution/multiple/CVRP/10/P-n23-k8/1/2/solution_r1.py", line 100, in <module>
    solve_tsp()
  File "/home/ethan/repository/backup/LLM_Routing/llm/extra_info/solution/multiple/CVRP/10/P-n23-k8/1/2/solution_r1.py", line 94, in solve_tsp
    solution = routing.SolveWithParameters(search_parameters)
               ^^^^^^^^^^^^^^^^^^^^^^^^^^^^^^^^^^^^^^^^^^^^^^
  File "/home/ethan/miniconda3/envs/llm_routing/lib/python3.11/site-packages/ortools/constraint_solver/pywrapcp.py", line 5387, in SolveWithParameters
    return _pywrapcp.RoutingModel_SolveWithParameters(self, search_parameters, solutions)
           ^^^^^^^^^^^^^^^^^^^^^^^^^^^^^^^^^^^^^^^^^^^^^^^^^^^^^^^^^^^^^^^^^^^^^^^^^^^^^^
SystemError: <built-in function RoutingModel_SolveWithParameters> returned a result with an exception set


