OUTPUT:


ERROR:
multiprocessing.pool.RemoteTraceback: 
"""
Traceback (most recent call last):
  File "/home/ethan/miniconda3/envs/llm_routing/lib/python3.11/multiprocessing/pool.py", line 125, in worker
    result = (True, func(*args, **kwds))
                    ^^^^^^^^^^^^^^^^^^^
  File "/home/ethan/miniconda3/envs/llm_routing/lib/python3.11/multiprocessing/pool.py", line 48, in mapstar
    return list(map(*args))
           ^^^^^^^^^^^^^^^^
  File "/home/ethan/repository/few-shot/LLM_Routing/llm/extra_info_pseudo-code_v3/solution/multiple/mTSPMD/10/P-n21-k2/2/0/solution_r1.py", line 51, in evaluate
    return total_cost0 + total_part_cost1,
                         ^^^^^^^^^^^^^^^^
NameError: name 'total_part_cost1' is not defined
"""

The above exception was the direct cause of the following exception:

Traceback (most recent call last):
  File "/home/ethan/repository/few-shot/LLM_Routing/llm/extra_info_pseudo-code_v3/solution/multiple/mTSPMD/10/P-n21-k2/2/0/solution_r1.py", line 84, in <module>
    main()
  File "/home/ethan/repository/few-shot/LLM_Routing/llm/extra_info_pseudo-code_v3/solution/multiple/mTSPMD/10/P-n21-k2/2/0/solution_r1.py", line 65, in main
    algorithms.eaSimple(pop, toolbox, cxpb=CX_PB, mutpb=MUT_PB, ngen=NUM_GENERATIONS, 
    ^^^^^^^^^^^^^^^^^^^^^^^^^^^^^^^^^^^^^^^^^^^^^^^^^^^^^^^^^^^^^^^^^^^^^^^^^^^^^^^^^
  File "/home/ethan/miniconda3/envs/llm_routing/lib/python3.11/site-packages/deap/algorithms.py", line 150, in eaSimple
    fitnesses = toolbox.map(toolbox.evaluate, invalid_ind)
                ^^^^^^^^^^^^^^^^^^^^^^^^^^^^^^^^^^^^^^^^^^
  File "/home/ethan/miniconda3/envs/llm_routing/lib/python3.11/multiprocessing/pool.py", line 367, in map
    return self._map_async(func, iterable, mapstar, chunksize).get()
           ^^^^^^^^^^^^^^^^^^^^^^^^^^^^^^^^^^^^^^^^^^^^^^^^^^^^^^^^^
  File "/home/ethan/miniconda3/envs/llm_routing/lib/python3.11/multiprocessing/pool.py", line 774, in get
    raise self._value
NameError: name 'total_part_cost1' is not defined


