OUTPUT:


ERROR:
Traceback (most recent call last):
  File "/home/ethan/miniconda3/envs/llm_routing/lib/python3.11/site-packages/networkx/classes/reportviews.py", line 1088, in __getitem__
    return self._adjdict[u][v]
           ~~~~~~~~~~~~~~~~^^^
KeyError: 0

During handling of the above exception, another exception occurred:

Traceback (most recent call last):
  File "/home/ethan/repository/few-shot/LLM_Routing/llm/extra_info_pseudo-code_v3/solution/single/TSP/10/city_10_instance_0/1/0/solution_r2.py", line 28, in <module>
    G.edges[i, j]['weight'] = dist_matrix[i][j]
    ~~~~~~~^^^^^^
  File "/home/ethan/miniconda3/envs/llm_routing/lib/python3.11/site-packages/networkx/classes/reportviews.py", line 1090, in __getitem__
    raise KeyError(f"The edge {e} is not in the graph.")
KeyError: 'The edge (0, 0) is not in the graph.'


