OUTPUT:


ERROR:
Traceback (most recent call last):
  File "/home/ethan/repository/few-shot/LLM_Routing/llm/extra_info_math/solution/multiple/CVRP/10/E-n22-k4/4/0/solution_r1.py", line 62, in <lambda>
    demand_callback = lambda index: data['demands'][manager.IndexToNode(index)]
                                                    ^^^^^^^^^^^^^^^^^^^^^^^^^^
  File "/home/ethan/miniconda3/envs/llm_routing/lib/python3.11/site-packages/ortools/constraint_solver/pywrapcp.py", line 4566, in IndexToNode
    return _pywrapcp.RoutingIndexManager_IndexToNode(self, index)
           ^^^^^^^^^^^^^^^^^^^^^^^^^^^^^^^^^^^^^^^^^^^^^^^^^^^^^^
OverflowError: in method 'RoutingIndexManager_IndexToNode', argument 2 of type 'int64_t'

The above exception was the direct cause of the following exception:

Traceback (most recent call last):
  File "/home/ethan/repository/few-shot/LLM_Routing/llm/extra_info_math/solution/multiple/CVRP/10/E-n22-k4/4/0/solution_r1.py", line 82, in <module>
    main()
  File "/home/ethan/repository/few-shot/LLM_Routing/llm/extra_info_math/solution/multiple/CVRP/10/E-n22-k4/4/0/solution_r1.py", line 76, in main
    solution = routing.SolveWithParameters(search_parameters)
               ^^^^^^^^^^^^^^^^^^^^^^^^^^^^^^^^^^^^^^^^^^^^^^
  File "/home/ethan/miniconda3/envs/llm_routing/lib/python3.11/site-packages/ortools/constraint_solver/pywrapcp.py", line 5387, in SolveWithParameters
    return _pywrapcp.RoutingModel_SolveWithParameters(self, search_parameters, solutions)
           ^^^^^^^^^^^^^^^^^^^^^^^^^^^^^^^^^^^^^^^^^^^^^^^^^^^^^^^^^^^^^^^^^^^^^^^^^^^^^^
SystemError: <built-in function RoutingModel_SolveWithParameters> returned a result with an exception set


